<?xml version="1.0" encoding="UTF-8"?>
<!-- Generated by org.testng.reporters.JUnitXMLReporter -->
<testsuite ignored="0" hostname="DESKTOP-TV40J00" failures="0" tests="4" name="Default test" time="29.159" errors="0" timestamp="21 Nov 2022 06:22:13 GMT">
  <testcase classname="com.testng.dataprovider" name="login" time="8.795"/>
  <testcase classname="com.testng.dataprovider" name="login" time="6.554"/>
  <testcase classname="com.testng.dataprovider" name="login" time="7.647"/>
  <testcase classname="com.testng.dataprovider" name="login" time="5.941"/>
</testsuite> <!-- Default test -->
