<?xml version="1.0" encoding="UTF-8"?>
<!-- Generated by org.testng.reporters.JUnitXMLReporter -->
<testsuite ignored="0" hostname="DESKTOP-TV40J00" failures="0" tests="9" name="Test" time="0.082" errors="0" timestamp="06 Nov 2022 05:50:51 GMT">
  <testcase classname="com.testng.test1" name="tc1" time="0.016"/>
  <testcase classname="com.testng.test3" name="tc1000" time="0.016"/>
  <testcase classname="com.testng.test2" name="tc100" time="0.016"/>
  <testcase classname="com.testng.test3" name="tc2000" time="0.004"/>
  <testcase classname="com.testng.test2" name="tc200" time="0.01"/>
  <testcase classname="com.testng.test2" name="tc300" time="0.003"/>
  <testcase classname="com.testng.test1" name="tc2" time="0.01"/>
  <testcase classname="com.testng.test3" name="tc3000" time="0.008"/>
  <testcase classname="com.testng.test1" name="tc3" time="0.003"/>
</testsuite> <!-- Test -->
