<?xml version="1.0" encoding="UTF-8"?>
<testng-results ignored="0" total="4" passed="4" failed="0" skipped="0">
  <reporter-output>
  </reporter-output>
  <suite started-at="2022-11-21T06:21:44Z" name="Default suite" finished-at="2022-11-21T06:22:13Z" duration-ms="29159">
    <groups>
    </groups>
    <test started-at="2022-11-21T06:21:44Z" name="Default test" finished-at="2022-11-21T06:22:13Z" duration-ms="29159">
      <class name="com.testng.dataprovider">
        <test-method signature="login(java.lang.String, java.lang.String)[pri:0, instance:com.testng.dataprovider@49c66ade]" started-at="2022-11-21T06:21:44Z" name="login" data-provider="sample" finished-at="2022-11-21T06:21:53Z" duration-ms="8795" status="PASS">
          <params>
            <param index="0">
              <value>
                <![CDATA[user2]]>
              </value>
            </param>
            <param index="1">
              <value>
                <![CDATA[test2]]>
              </value>
            </param>
          </params>
          <reporter-output>
          </reporter-output>
        </test-method> <!-- login -->
        <test-method signature="login(java.lang.String, java.lang.String)[pri:0, instance:com.testng.dataprovider@49c66ade]" started-at="2022-11-21T06:21:53Z" name="login" data-provider="sample" finished-at="2022-11-21T06:21:59Z" duration-ms="6554" status="PASS">
          <params>
            <param index="0">
              <value>
                <![CDATA[user2]]>
              </value>
            </param>
            <param index="1">
              <value>
                <![CDATA[test2]]>
              </value>
            </param>
          </params>
          <reporter-output>
          </reporter-output>
        </test-method> <!-- login -->
        <test-method signature="login(java.lang.String, java.lang.String)[pri:0, instance:com.testng.dataprovider@49c66ade]" started-at="2022-11-21T06:21:59Z" name="login" data-provider="sample" finished-at="2022-11-21T06:22:07Z" duration-ms="7647" status="PASS">
          <params>
            <param index="0">
              <value>
                <![CDATA[user1]]>
              </value>
            </param>
            <param index="1">
              <value>
                <![CDATA[test1]]>
              </value>
            </param>
          </params>
          <reporter-output>
          </reporter-output>
        </test-method> <!-- login -->
        <test-method signature="login(java.lang.String, java.lang.String)[pri:0, instance:com.testng.dataprovider@49c66ade]" started-at="2022-11-21T06:22:07Z" name="login" data-provider="sample" finished-at="2022-11-21T06:22:13Z" duration-ms="5941" status="PASS">
          <params>
            <param index="0">
              <value>
                <![CDATA[user1]]>
              </value>
            </param>
            <param index="1">
              <value>
                <![CDATA[test1]]>
              </value>
            </param>
          </params>
          <reporter-output>
          </reporter-output>
        </test-method> <!-- login -->
      </class> <!-- com.testng.dataprovider -->
    </test> <!-- Default test -->
  </suite> <!-- Default suite -->
</testng-results>
