<?xml version="1.0" encoding="UTF-8"?>
<testng-results ignored="0" total="9" passed="9" failed="0" skipped="0">
  <reporter-output>
  </reporter-output>
  <suite started-at="2022-11-06T05:50:51Z" name="Suite" finished-at="2022-11-06T05:50:51Z" duration-ms="82">
    <groups>
      <group name="regression">
        <method signature="test1.tc1()[pri:0, instance:com.testng.test1@4ff8d125]" name="tc1" class="com.testng.test1"/>
        <method signature="test2.tc200()[pri:0, instance:com.testng.test2@3403e2ac]" name="tc200" class="com.testng.test2"/>
        <method signature="test2.tc300()[pri:0, instance:com.testng.test2@3403e2ac]" name="tc300" class="com.testng.test2"/>
        <method signature="test3.tc1000()[pri:0, instance:com.testng.test3@6d167f58]" name="tc1000" class="com.testng.test3"/>
      </group> <!-- regression -->
      <group name="smoke">
        <method signature="test1.tc2()[pri:0, instance:com.testng.test1@4ff8d125]" name="tc2" class="com.testng.test1"/>
        <method signature="test2.tc100()[pri:0, instance:com.testng.test2@3403e2ac]" name="tc100" class="com.testng.test2"/>
        <method signature="test3.tc2000()[pri:0, instance:com.testng.test3@6d167f58]" name="tc2000" class="com.testng.test3"/>
      </group> <!-- smoke -->
      <group name="sanity">
        <method signature="test1.tc3()[pri:0, instance:com.testng.test1@4ff8d125]" name="tc3" class="com.testng.test1"/>
        <method signature="test3.tc3000()[pri:0, instance:com.testng.test3@6d167f58]" name="tc3000" class="com.testng.test3"/>
      </group> <!-- sanity -->
    </groups>
    <test started-at="2022-11-06T05:50:51Z" name="Test" finished-at="2022-11-06T05:50:51Z" duration-ms="82">
      <class name="com.testng.test3">
        <test-method signature="tc1000()[pri:0, instance:com.testng.test3@6d167f58]" started-at="2022-11-06T05:50:51Z" name="tc1000" finished-at="2022-11-06T05:50:51Z" duration-ms="16" status="PASS">
          <reporter-output>
          </reporter-output>
        </test-method> <!-- tc1000 -->
        <test-method signature="tc2000()[pri:0, instance:com.testng.test3@6d167f58]" started-at="2022-11-06T05:50:51Z" name="tc2000" finished-at="2022-11-06T05:50:51Z" duration-ms="4" status="PASS">
          <reporter-output>
          </reporter-output>
        </test-method> <!-- tc2000 -->
        <test-method signature="tc3000()[pri:0, instance:com.testng.test3@6d167f58]" started-at="2022-11-06T05:50:51Z" name="tc3000" finished-at="2022-11-06T05:50:51Z" duration-ms="8" status="PASS">
          <reporter-output>
          </reporter-output>
        </test-method> <!-- tc3000 -->
      </class> <!-- com.testng.test3 -->
      <class name="com.testng.test2">
        <test-method signature="tc100()[pri:0, instance:com.testng.test2@3403e2ac]" started-at="2022-11-06T05:50:51Z" name="tc100" finished-at="2022-11-06T05:50:51Z" duration-ms="16" status="PASS">
          <reporter-output>
          </reporter-output>
        </test-method> <!-- tc100 -->
        <test-method signature="tc200()[pri:0, instance:com.testng.test2@3403e2ac]" started-at="2022-11-06T05:50:51Z" name="tc200" finished-at="2022-11-06T05:50:51Z" duration-ms="10" status="PASS">
          <reporter-output>
          </reporter-output>
        </test-method> <!-- tc200 -->
        <test-method signature="tc300()[pri:0, instance:com.testng.test2@3403e2ac]" started-at="2022-11-06T05:50:51Z" name="tc300" finished-at="2022-11-06T05:50:51Z" duration-ms="3" status="PASS">
          <reporter-output>
          </reporter-output>
        </test-method> <!-- tc300 -->
      </class> <!-- com.testng.test2 -->
      <class name="com.testng.test1">
        <test-method signature="tc1()[pri:0, instance:com.testng.test1@4ff8d125]" started-at="2022-11-06T05:50:51Z" name="tc1" finished-at="2022-11-06T05:50:51Z" duration-ms="16" status="PASS">
          <reporter-output>
          </reporter-output>
        </test-method> <!-- tc1 -->
        <test-method signature="tc2()[pri:0, instance:com.testng.test1@4ff8d125]" started-at="2022-11-06T05:50:51Z" name="tc2" finished-at="2022-11-06T05:50:51Z" duration-ms="10" status="PASS">
          <reporter-output>
          </reporter-output>
        </test-method> <!-- tc2 -->
        <test-method signature="tc3()[pri:0, instance:com.testng.test1@4ff8d125]" started-at="2022-11-06T05:50:51Z" name="tc3" finished-at="2022-11-06T05:50:51Z" duration-ms="3" status="PASS">
          <reporter-output>
          </reporter-output>
        </test-method> <!-- tc3 -->
      </class> <!-- com.testng.test1 -->
    </test> <!-- Test -->
  </suite> <!-- Suite -->
</testng-results>
